         1000                  0.000                621.156                979                70        
         1100                  0.000                616.255                1040                35        
         1200                  0.000                487.909                1192                5        
         1300                  0.000                749.917                1296                10        
         1400                  0.000                1006.648                1399                6        
         1500                  0.000                517.975                1496                3        
         1600                  9.766                981.122                1599                25        
         1700                  0.000                1034.080                1691                22        
         1800                  8.681                1298.442                1795                4        
         1900                  0.000                1373.366                1883                33        
         2000                  7.812                1131.326                1957                26        
         2100                  0.000                945.510                2096                21        
         2200                  0.000                862.082                2149                15        
         2300                  6.793                1131.752                2208                29        
         2400                  0.000                958.504                2385                22        
         2500                  6.250                854.703                2433                16        
         2600                  0.000                1487.092                2598                18        
         2700                  0.000                1095.517                2687                17        
         2800                  5.580                1379.713                2752                50        
         2900                  0.000                1312.256                2872                1        
         3000                  5.208                996.120                2982                31        
         3100                  5.040                1578.878                3062                25        
         3200                  0.000                895.547                3167                24        
         3300                  4.735                1729.514                3193                7        
         3400                  4.596                1311.992                3379                10        
         3500                  4.464                1311.554                3437                29        
         3600                  4.340                1650.546                3539                96        
         3700                  4.223                1993.480                3693                63        
         3800                  4.112                1454.610                3777                43        
         3900                  8.013                2475.968                3867                11        
         4000                  3.906                1166.558                3958                11        
         4100                  0.000                874.346                4038                112        
         4200                  3.720                1261.860                4198                62        
         4300                  7.267                2624.576                4233                21        
         4400                  3.551                1739.933                4376                27        
         4500                  6.944                2515.271                4438                1        
         4600                  6.793                2159.177                4537                63        
         4700                  3.324                1830.930                4658                56        
         4800                  6.510                2117.748                4740                11        
         4900                  6.378                3041.547                4865                89        
         5000                  9.375                3112.480                4963                45        
         5100                  9.191                3684.153                5074                35        
         5200                  6.010                2155.942                5128                27        
         5300                  5.896                2482.235                5238                8        
         5400                  8.681                2581.697                5395                112        
         5500                  5.682                3167.563                5469                72        
         5600                  8.371                3043.945                5519                31        
         5700                  5.482                1860.792                5660                41        
         5800                  10.776                3385.843                5702                9        
         5900                  5.297                2919.358                5898                28        
         6000                  10.417                4133.749                5988                3        
         6100                  7.684                4055.937                6057                7        
         6200                  7.560                2861.512                6200                4        
         6300                  7.440                3124.631                6236                20        
         6400                  4.883                1305.940                6386                12        
         6500                  9.615                3689.972                6487                96        
         6600                  7.102                2411.088                6518                71        
         6700                  9.328                3097.261                6678                11        
         6800                  4.596                2111.864                6791                15        
         6900                  11.322                4095.938                6834                35        
         7000                  11.161                4607.790                6972                22        
         7100                  2.201                1915.221                7070                23        
         7200                  8.681                3011.742                7153                163        
         7300                  10.702                3915.555                7122                42        
         7400                  12.669                4841.652                7284                171        
         7500                  8.333                3082.267                7369                43        
         7600                  14.391                5821.780                7563                97        
         7700                  10.146                4770.737                7679                27        
         7800                  8.013                2588.262                7799                92        
         7900                  5.934                2121.232                7806                25        
         8000                  9.766                4205.442                7949                14        
         8100                  9.645                3926.067                7953                3        
         8200                  3.811                2233.583                8195                41        
         8300                  9.413                3873.144                8108                22        
         8400                  13.021                5118.254                8390                59        
         8500                  9.191                5136.441                8425                4        
         8600                  10.901                6102.700                8578                84        
         8700                  8.980                3874.160                8529                78        
         8800                  8.878                3391.334                8766                2        
         8900                  7.022                2695.023                8833                72        
         9000                  12.153                5185.034                8935                9        
         9100                  15.453                6910.458                9075                20        
         9200                  15.285                6151.441                9193                7        
         9300                  13.441                5663.652                9260                3        
         9400                  14.960                6521.121                9391                4        
         9500                  6.579                2296.056                9475                71        
         9600                  16.276                7234.369                9521                1        
         9700                  12.887                5678.791                9595                43        
         9800                  11.161                5242.725                9770                105        
         9900                  11.048                4397.289                9888                139        
