         1000                  0.625                56.164                999                1        
         1100                  0.568                57.586                1100                1        
         1200                  0.391                71.599                1200                1        
         1300                  0.240                70.767                1300                1        
         1400                  0.558                78.970                1400                1        
         1500                  0.521                78.602                1500                1        
         1600                  0.488                76.617                1599                1        
         1700                  0.368                100.557                1700                1        
         1800                  0.521                106.322                1798                1        
         1900                  0.740                114.560                1898                1        
         2000                  0.625                115.789                2000                1        
         2100                  0.595                92.854                2097                1        
         2200                  0.497                118.993                2199                1        
         2300                  0.679                138.931                2292                1        
         2400                  0.586                116.276                2399                1        
         2500                  0.875                171.863                2500                1        
         2600                  0.601                133.711                2600                1        
         2700                  0.637                102.376                2700                1        
         2800                  0.670                137.563                2799                1        
         2900                  0.593                156.891                2897                1        
         3000                  0.417                125.177                3000                1        
         3100                  0.958                178.490                3096                1        
         3200                  0.635                168.211                3195                1        
         3300                  0.616                150.132                3296                1        
         3400                  0.873                225.456                3400                1        
         3500                  0.848                166.539                3493                1        
         3600                  0.868                185.784                3592                1        
         3700                  0.845                154.304                3687                1        
         3800                  0.781                157.617                3797                1        
         3900                  0.801                210.642                3887                1        
         4000                  0.820                185.487                4000                1        
         4100                  0.648                202.227                4096                1        
         4200                  0.818                232.869                4200                1        
         4300                  0.799                274.285                4295                1        
         4400                  0.888                219.605                4400                1        
         4500                  0.868                225.871                4500                1        
         4600                  0.849                272.567                4599                1        
         4700                  0.898                237.892                4694                1        
         4800                  0.716                196.326                4798                1        
         4900                  0.925                323.419                4900                1        
         5000                  1.000                245.666                4997                1        
         5100                  1.103                260.631                5100                1        
         5200                  0.992                264.126                5199                1        
         5300                  1.032                290.665                5298                1        
         5400                  0.955                234.485                5387                1        
         5500                  0.852                238.239                5500                1        
         5600                  1.032                297.196                5599                1        
         5700                  1.014                304.271                5698                1        
         5800                  1.266                383.064                5800                1        
         5900                  1.324                386.446                5899                1        
         6000                  0.964                328.380                5999                1        
         6100                  1.050                333.574                6098                1        
         6200                  1.084                321.373                6198                1        
         6300                  1.017                282.179                6299                1        
         6400                  1.172                364.268                6400                1        
         6500                  1.106                349.523                6499                1        
         6600                  1.184                353.699                6598                1        
         6700                  1.119                362.684                6697                1        
         6800                  1.218                410.320                6800                1        
         6900                  1.359                427.265                6900                1        
         7000                  1.228                431.597                6999                1        
         7100                  0.902                327.303                7100                1        
         7200                  1.085                345.955                7193                1        
         7300                  1.177                414.089                7297                1        
         7400                  1.225                392.933                7391                1        
         7500                  1.250                396.114                7499                1        
         7600                  1.357                442.836                7594                1        
         7700                  1.461                493.882                7695                1        
         7800                  1.182                377.252                7798                1        
         7900                  1.286                444.694                7900                1        
         8000                  1.211                367.811                7996                1        
         8100                  1.331                500.156                8098                1        
         8200                  1.315                439.622                8189                1        
         8300                  1.205                385.492                8299                1        
         8400                  1.339                513.328                8400                1        
         8500                  1.121                345.281                8497                1        
         8600                  1.399                500.846                8599                1        
         8700                  1.167                463.705                8699                1        
         8800                  1.314                521.708                8792                1        
         8900                  1.369                500.277                8899                1        
         9000                  1.510                528.889                8997                1        
         9100                  1.236                457.716                9096                1        
         9200                  1.444                492.265                9200                1        
         9300                  1.109                436.938                9300                1        
         9400                  1.380                551.639                9400                1        
         9500                  1.316                505.433                9490                1        
         9600                  1.351                523.782                9592                1        
         9700                  1.240                475.770                9696                1        
         9800                  1.276                493.985                9797                1        
         9900                  1.657                642.594                9893                1        
