         1000                  0.469                10.000                10                6        
         1100                  0.284                10.994                11                4        
         1200                  0.521                10.989                11                3        
         1300                  0.361                10.956                11                3        
         1400                  0.223                10.995                11                1        
         1500                  0.417                10.995                11                6        
         1600                  0.488                10.999                11                5        
         1700                  0.368                10.999                11                5        
         1800                  0.521                10.980                11                1        
         1900                  0.493                11.000                11                5        
         2000                  0.703                10.999                11                6        
         2100                  0.521                11.995                12                1        
         2200                  0.639                11.981                12                1        
         2300                  0.408                11.999                12                3        
         2400                  0.260                11.994                12                1        
         2500                  0.500                11.997                12                1        
         2600                  0.601                11.999                12                1        
         2700                  0.752                11.968                12                2        
         2800                  0.279                11.978                12                4        
         2900                  0.431                11.999                12                1        
         3000                  0.260                11.999                12                1        
         3100                  0.504                11.999                12                1        
         3200                  0.342                12.000                12                1        
         3300                  0.426                11.998                12                3        
         3400                  0.414                11.999                12                3        
         3500                  0.446                12.000                12                2        
         3600                  0.521                11.999                12                7        
         3700                  0.549                11.999                12                2        
         3800                  0.493                12.000                12                4        
         3900                  0.441                11.684                12                2        
         4000                  0.430                12.000                12                1        
         4100                  0.419                12.996                13                4        
         4200                  0.335                12.993                13                1        
         4300                  0.618                12.997                13                4        
         4400                  0.568                12.943                13                2        
         4500                  0.486                12.999                13                6        
         4600                  0.408                12.999                13                7        
         4700                  0.532                12.948                13                1        
         4800                  0.326                13.000                13                12        
         4900                  0.542                12.986                13                2        
         5000                  0.469                12.999                13                1        
         5100                  0.643                12.999                13                2        
         5200                  0.451                12.995                13                2        
         5300                  0.472                12.997                13                3        
         5400                  0.492                12.980                13                1        
         5500                  0.597                13.000                13                3        
         5600                  0.474                13.000                13                6        
         5700                  0.466                13.000                13                3        
         5800                  0.539                10.335                13                4        
         5900                  0.503                13.000                13                12        
         6000                  0.495                12.999                13                1        
         6100                  0.359                13.000                13                1        
         6200                  0.454                13.000                13                2        
         6300                  0.422                13.000                13                2        
         6400                  0.488                13.000                13                1        
         6500                  0.457                13.000                13                12        
         6600                  0.616                13.000                13                3        
         6700                  0.536                13.000                13                1        
         6800                  0.460                13.000                13                3        
         6900                  0.634                12.972                13                9        
         7000                  0.580                12.999                13                2        
         7100                  0.506                13.000                13                4        
         7200                  0.434                13.000                13                12        
         7300                  0.535                13.000                13                3        
         7400                  0.443                12.983                13                4        
         7500                  0.458                13.000                13                12        
         7600                  0.452                13.000                13                1        
         7700                  0.568                13.000                13                6        
         7800                  0.401                13.000                13                1        
         7900                  0.336                13.000                13                1        
         8000                  0.547                13.000                13                2        
         8100                  0.598                13.000                13                12        
         8200                  0.514                13.999                14                11        
         8300                  0.508                14.000                14                4        
         8400                  0.465                13.995                14                10        
         8500                  0.551                13.998                14                6        
         8600                  0.654                13.999                14                11        
         8700                  0.718                14.000                14                4        
         8800                  0.604                14.000                14                13        
         8900                  0.509                13.998                14                7        
         9000                  0.625                13.999                14                10        
         9100                  0.532                13.999                14                9        
         9200                  0.594                13.993                14                2        
         9300                  0.622                13.999                14                3        
         9400                  0.582                13.999                14                1        
         9500                  0.411                13.999                14                13        
         9600                  0.456                14.000                14                11        
         9700                  0.354                14.000                14                2        
         9800                  0.590                14.000                14                3        
         9900                  0.473                14.000                14                6        
