         1000                  1.094                362.948                1000                2        
         1100                  1.705                432.734                1100                2        
         1200                  1.302                432.264                1198                2        
         1300                  1.683                630.141                1291                2        
         1400                  2.009                755.992                1400                1        
         1500                  1.667                690.354                1499                4        
         1600                  1.367                518.859                1591                1        
         1700                  2.849                1050.129                1700                5        
         1800                  3.906                1260.960                1800                1        
         1900                  1.809                677.188                1895                1        
         2000                  2.656                872.811                2000                2        
         2100                  3.795                1390.602                2100                1        
         2200                  2.841                978.979                2198                5        
         2300                  3.804                1426.939                2296                1        
         2400                  2.214                787.371                2397                6        
         2500                  3.562                1306.699                2494                12        
         2600                  3.726                1259.997                2600                2        
         2700                  3.819                1348.497                2699                2        
         2800                  5.413                2071.287                2795                3        
         2900                  5.334                2088.611                2898                3        
         3000                  4.688                1728.571                2997                1        
         3100                  5.292                1853.313                3097                1        
         3200                  5.811                2313.443                3197                1        
         3300                  3.030                1277.560                3296                3        
         3400                  4.596                1857.475                3399                2        
         3500                  5.714                2309.236                3500                4        
         3600                  5.859                2092.467                3600                4        
         3700                  6.503                2399.870                3700                3        
         3800                  5.880                2130.223                3800                1        
         3900                  4.808                1909.918                3900                3        
         4000                  5.742                2348.962                4000                1        
         4100                  7.241                2907.828                4098                1        
         4200                  4.501                1473.702                4197                2        
         4300                  5.523                2143.265                4300                1        
         4400                  4.652                1893.365                4400                1        
         4500                  4.896                2024.266                4500                3        
         4600                  4.042                1590.286                4596                2        
         4700                  6.117                2477.563                4694                6        
         4800                  5.664                2428.908                4793                9        
         4900                  4.751                1922.362                4899                10        
         5000                  5.531                2261.860                4999                1        
         5100                  5.545                2292.074                5097                4        
         5200                  5.709                2309.329                5197                8        
         5300                  7.783                3353.287                5300                7        
         5400                  6.597                2816.032                5400                1        
         5500                  5.767                2423.550                5495                5        
         5600                  3.181                1287.645                5597                9        
         5700                  4.660                2041.964                5700                1        
         5800                  3.745                1497.808                5794                1        
         5900                  6.197                2864.208                5896                26        
         6000                  6.901                2958.676                5997                2        
         6100                  6.199                2607.503                6100                1        
         6200                  9.778                4553.066                6194                4        
         6300                  6.820                2890.431                6300                5        
         6400                  5.908                2509.758                6399                18        
         6500                  4.952                2110.572                6499                4        
         6600                  9.588                4555.416                6598                2        
         6700                  6.996                2967.609                6698                2        
         6800                  3.516                1499.786                6800                4        
         6900                  9.194                4165.332                6900                3        
         7000                  5.580                2294.177                6994                10        
         7100                  7.857                3738.438                7096                2        
         7200                  7.248                3332.686                7199                2        
         7300                  8.647                4150.841                7295                20        
         7400                  6.271                3000.671                7389                2        
         7500                  6.417                2675.842                7500                1        
         7600                  10.136                4866.933                7595                17        
         7700                  6.676                3122.290                7700                2        
         7800                  5.349                2521.993                7800                5        
         7900                  10.819                5198.702                7899                2        
         8000                  7.148                3467.866                7999                1        
         8100                  11.844                6003.060                8097                23        
         8200                  8.289                3768.334                8194                4        
         8300                  10.034                4907.734                8298                8        
         8400                  10.900                5273.622                8389                10        
         8500                  11.526                5723.612                8499                3        
         8600                  8.430                3722.631                8594                11        
         8700                  10.686                5096.683                8698                4        
         8800                  11.204                5644.134                8797                5        
         8900                  7.128                3537.938                8898                3        
         9000                  10.920                5070.859                8987                2        
         9100                  11.882                5902.540                9093                2        
         9200                  4.772                2106.511                9193                11        
         9300                  13.088                6482.490                9298                17        
         9400                  11.619                5968.650                9400                6        
         9500                  10.658                5280.328                9497                8        
         9600                  13.883                6959.335                9596                1        
         9700                  9.858                4935.288                9700                6        
         9800                  9.439                4580.425                9800                1        
         9900                  9.848                4811.031                9898                6        
