         1000                  0.480                9.997                10                1        
         1100                  0.438                10.995                11                1        
         1200                  0.457                10.994                11                1        
         1300                  0.435                10.987                11                1        
         1400                  0.458                10.722                11                1        
         1500                  0.443                10.994                11                1        
         1600                  0.431                10.983                11                1        
         1700                  0.426                10.999                11                1        
         1800                  0.436                10.993                11                1        
         1900                  0.473                11.000                11                1        
         2000                  0.476                10.998                11                1        
         2100                  0.476                11.980                12                1        
         2200                  0.511                11.992                12                1        
         2300                  0.589                11.915                12                1        
         2400                  0.500                11.999                12                1        
         2500                  0.534                11.999                12                1        
         2600                  0.581                11.999                12                1        
         2700                  0.508                11.998                12                1        
         2800                  0.511                11.999                12                1        
         2900                  0.494                11.996                12                1        
         3000                  0.505                11.999                12                1        
         3100                  0.499                11.999                12                1        
         3200                  0.490                12.000                12                1        
         3300                  0.473                12.000                12                1        
         3400                  0.491                11.999                12                1        
         3500                  0.473                11.999                12                1        
         3600                  0.497                11.994                12                1        
         3700                  0.530                12.000                12                1        
         3800                  0.489                11.995                12                1        
         3900                  0.488                11.999                12                1        
         4000                  0.479                11.999                12                1        
         4100                  0.491                12.998                13                1        
         4200                  0.507                11.001                13                1        
         4300                  0.449                12.996                13                1        
         4400                  0.479                12.996                13                1        
         4500                  0.516                12.999                13                1        
         4600                  0.496                12.994                13                1        
         4700                  0.482                12.999                13                1        
         4800                  0.497                12.999                13                1        
         4900                  0.480                12.998                13                1        
         5000                  0.460                12.999                13                1        
         5100                  0.478                12.999                13                1        
         5200                  0.488                12.999                13                1        
         5300                  0.492                12.999                13                1        
         5400                  0.475                12.998                13                1        
         5500                  0.480                12.999                13                2        
         5600                  0.461                12.999                13                1        
         5700                  0.483                12.999                13                1        
         5800                  0.485                12.999                13                1        
         5900                  0.465                13.000                13                1        
         6000                  0.496                12.999                13                1        
         6100                  0.506                12.999                13                1        
         6200                  0.502                13.000                13                1        
         6300                  0.505                13.000                13                1        
         6400                  0.475                13.000                13                1        
         6500                  0.481                13.000                13                1        
         6600                  0.493                13.000                13                1        
         6700                  0.471                13.000                13                1        
         6800                  0.462                13.000                13                1        
         6900                  0.514                13.000                13                1        
         7000                  0.555                12.998                13                1        
         7100                  0.523                12.991                13                1        
         7200                  0.470                13.000                13                1        
         7300                  0.515                13.000                13                1        
         7400                  0.584                13.000                13                1        
         7500                  0.522                13.000                13                1        
         7600                  0.531                13.000                13                1        
         7700                  0.492                13.000                13                1        
         7800                  0.488                13.000                13                1        
         7900                  0.469                13.000                13                1        
         8000                  0.479                12.998                13                1        
         8100                  0.475                13.000                13                1        
         8200                  0.499                13.998                14                1        
         8300                  0.469                14.000                14                1        
         8400                  0.469                13.998                14                1        
         8500                  0.483                14.000                14                1        
         8600                  0.483                13.999                14                1        
         8700                  0.491                14.000                14                1        
         8800                  0.470                13.999                14                1        
         8900                  0.486                14.000                14                1        
         9000                  0.548                13.998                14                2        
         9100                  0.526                13.997                14                1        
         9200                  0.498                13.997                14                1        
         9300                  0.485                14.000                14                1        
         9400                  0.513                13.999                14                1        
         9500                  0.543                14.000                14                1        
         9600                  0.535                14.000                14                1        
         9700                  0.507                14.000                14                1        
         9800                  0.519                13.995                14                1        
         9900                  0.497                14.000                14                1        
