         1000                  0.000                10.000                10                10        
         1100                  0.000                10.992                11                10        
         1200                  0.000                10.996                11                10        
         1300                  0.000                10.990                11                3        
         1400                  0.000                10.997                11                10        
         1500                  0.000                10.941                11                3        
         1600                  0.000                10.999                11                10        
         1700                  0.000                10.998                11                10        
         1800                  0.000                10.995                11                2        
         1900                  0.000                11.000                11                11        
         2000                  0.000                10.997                11                5        
         2100                  0.000                11.990                12                7        
         2200                  0.000                11.062                12                2        
         2300                  0.000                11.998                12                11        
         2400                  6.510                11.999                12                11        
         2500                  0.000                11.993                12                11        
         2600                  0.000                11.958                12                11        
         2700                  0.000                11.998                12                11        
         2800                  0.000                11.998                12                11        
         2900                  0.000                11.996                12                3        
         3000                  0.000                12.000                12                12        
         3100                  0.000                11.997                12                4        
         3200                  0.000                11.999                12                10        
         3300                  0.000                12.000                12                12        
         3400                  0.000                12.000                12                11        
         3500                  0.000                11.983                12                2        
         3600                  4.340                11.997                12                8        
         3700                  0.000                12.000                12                12        
         3800                  0.000                12.000                12                12        
         3900                  0.000                11.998                12                6        
         4000                  3.906                12.000                12                12        
         4100                  0.000                12.995                13                12        
         4200                  0.000                12.993                13                12        
         4300                  0.000                12.999                13                12        
         4400                  0.000                13.000                13                13        
         4500                  3.472                12.999                13                12        
         4600                  0.000                12.999                13                12        
         4700                  0.000                12.999                13                12        
         4800                  0.000                12.995                13                3        
         4900                  0.000                12.999                13                12        
         5000                  0.000                12.993                13                1        
         5100                  0.000                12.999                13                12        
         5200                  0.000                13.000                13                12        
         5300                  0.000                12.961                13                2        
         5400                  0.000                12.999                13                12        
         5500                  0.000                13.000                13                12        
         5600                  2.790                12.999                13                12        
         5700                  0.000                12.999                13                11        
         5800                  0.000                13.000                13                12        
         5900                  2.648                12.999                13                10        
         6000                  0.000                12.999                13                12        
         6100                  0.000                13.000                13                12        
         6200                  0.000                12.999                13                12        
         6300                  0.000                13.000                13                12        
         6400                  0.000                13.000                13                11        
         6500                  2.404                13.000                13                13        
         6600                  0.000                12.998                13                2        
         6700                  0.000                13.000                13                12        
         6800                  0.000                13.000                13                11        
         6900                  0.000                12.997                13                2        
         7000                  0.000                13.000                13                12        
         7100                  2.201                13.000                13                13        
         7200                  0.000                13.000                13                12        
         7300                  0.000                13.000                13                12        
         7400                  2.111                12.998                13                3        
         7500                  0.000                13.000                13                12        
         7600                  2.056                13.000                13                12        
         7700                  0.000                13.000                13                12        
         7800                  2.003                13.000                13                12        
         7900                  0.000                13.000                13                13        
         8000                  0.000                13.000                13                13        
         8100                  0.000                12.999                13                3        
         8200                  0.000                13.997                14                13        
         8300                  0.000                13.975                14                13        
         8400                  0.000                13.996                14                11        
         8500                  0.000                13.994                14                13        
         8600                  0.000                13.999                14                13        
         8700                  0.000                13.999                14                13        
         8800                  0.000                13.999                14                13        
         8900                  0.000                13.996                14                13        
         9000                  1.736                13.997                14                13        
         9100                  0.000                13.999                14                13        
         9200                  0.000                13.999                14                13        
         9300                  0.000                14.000                14                13        
         9400                  1.662                13.999                14                13        
         9500                  0.000                14.000                14                14        
         9600                  1.628                13.999                14                10        
         9700                  0.000                14.000                14                13        
         9800                  0.000                13.999                14                13        
         9900                  1.578                13.999                14                13        
