         1000                  0.000                576.163                996                4        
         1100                  0.000                469.725                1028                7        
         1200                  0.000                679.184                1182                1        
         1300                  0.000                579.077                1269                1        
         1400                  11.161                593.406                1387                1        
         1500                  0.000                673.375                1439                30        
         1600                  0.000                813.250                1581                24        
         1700                  0.000                325.774                1636                1        
         1800                  8.681                728.568                1793                1        
         1900                  0.000                1143.894                1896                1        
         2000                  0.000                962.406                1991                29        
         2100                  7.440                1124.688                2100                1        
         2200                  0.000                600.884                2162                1        
         2300                  6.793                768.273                2296                1        
         2400                  0.000                1241.255                2398                17        
         2500                  0.000                834.108                2500                9        
         2600                  0.000                825.700                2593                1        
         2700                  5.787                1127.715                2699                1        
         2800                  0.000                1426.073                2776                9        
         2900                  5.388                1122.153                2879                1        
         3000                  5.208                1192.009                2987                1        
         3100                  0.000                1011.911                3100                14        
         3200                  4.883                1607.984                3184                80        
         3300                  4.735                1094.873                3246                1        
         3400                  4.596                1603.719                3293                1        
         3500                  0.000                547.341                3486                1        
         3600                  4.340                1188.696                3595                1        
         3700                  4.223                1534.398                3697                1        
         3800                  4.112                1377.843                3777                1        
         3900                  4.006                750.732                3871                1        
         4000                  3.906                1675.786                3986                148        
         4100                  3.811                1593.197                4030                3        
         4200                  7.440                2639.646                4187                18        
         4300                  3.634                1243.331                4234                1        
         4400                  3.551                2332.539                4333                110        
         4500                  10.417                3021.833                4492                6        
         4600                  3.397                1641.347                4595                1        
         4700                  6.649                2390.347                4658                1        
         4800                  6.510                2509.582                4780                1        
         4900                  3.189                1256.289                4819                1        
         5000                  6.250                2565.756                4966                52        
         5100                  6.127                2572.470                5001                25        
         5200                  3.005                2344.265                5183                15        
         5300                  5.896                2481.604                5275                1        
         5400                  5.787                2569.822                5350                1        
         5500                  8.523                3376.977                5492                39        
         5600                  8.371                3477.928                5381                20        
         5700                  5.482                1585.508                5689                1        
         5800                  0.000                1453.101                5760                1        
         5900                  5.297                3833.623                5889                34        
         6000                  7.812                2047.508                5992                18        
         6100                  2.561                1464.829                6058                1        
         6200                  2.520                2177.431                6139                1        
         6300                  4.960                1665.804                6290                1        
         6400                  4.883                2349.875                6293                11        
         6500                  7.212                3484.743                6491                36        
         6600                  9.470                4092.929                6594                43        
         6700                  6.996                3664.247                6660                120        
         6800                  9.191                3192.776                6755                1        
         6900                  4.529                2106.349                6891                1        
         7000                  4.464                2439.284                6960                1        
         7100                  6.602                3885.334                7020                19        
         7200                  8.681                3693.152                7123                1        
         7300                  6.421                3198.441                7127                1        
         7400                  8.446                4102.630                7344                106        
         7500                  8.333                4295.538                7497                1        
         7600                  4.112                1796.842                7548                1        
         7700                  6.088                2448.361                7676                1        
         7800                  6.010                2560.022                7706                1        
         7900                  7.911                3588.567                7890                1        
         8000                  7.812                3372.845                7984                1        
         8100                  7.716                3293.481                8085                1        
         8200                  3.811                1678.257                8138                1        
         8300                  5.648                2531.946                8268                66        
         8400                  11.161                4951.529                8283                127        
         8500                  11.029                5307.009                8360                1        
         8600                  10.901                4914.584                8515                28        
         8700                  10.776                5064.372                8685                1        
         8800                  10.653                5191.978                8673                6        
         8900                  10.534                4994.919                8888                4        
         9000                  6.944                3013.375                8982                1        
         9100                  5.151                1887.681                8854                1        
         9200                  5.095                2501.235                9160                1        
         9300                  10.081                4365.761                9225                1        
         9400                  8.311                3557.872                9284                1        
         9500                  1.645                1830.981                9405                1        
         9600                  8.138                3670.997                9543                1        
         9700                  9.665                5066.707                9604                184        
         9800                  9.566                4435.825                9770                1        
         9900                  7.891                3434.821                9862                1        
